2015-11-15 14:54:00,919 [Worker-13] INFO  o.e.m.c.i.l.LifecycleMappingFactory - Using org.eclipse.m2e.jdt.JarLifecycleMapping lifecycle mapping for MavenProject: LQS:Client:0.0.1-SNAPSHOT @ C:\Users\TOSHIBA\Desktop\LQS\Client\pom.xml.
2015-11-15 14:54:00,999 [Worker-13] INFO  o.e.m.c.i.l.LifecycleMappingFactory - Using org.eclipse.m2e.jdt.JarLifecycleMapping lifecycle mapping for MavenProject: LQS:Server:0.0.1-SNAPSHOT @ C:\Users\TOSHIBA\Desktop\LQS\Server\pom.xml.
2015-11-15 14:54:01,729 [Worker-13] INFO  o.e.m.j.i.AbstractJavaProjectConfigurator - Adding source folder /Client/src/main/java
2015-11-15 14:54:01,730 [Worker-13] INFO  o.e.m.j.i.AbstractJavaProjectConfigurator - Adding source folder /Client/src/test/java
2015-11-15 14:54:01,882 [Worker-13] INFO  o.e.m.j.i.AbstractJavaProjectConfigurator - Adding source folder /Server/src/main/java
2015-11-15 14:54:01,884 [Worker-13] INFO  o.e.m.j.i.AbstractJavaProjectConfigurator - Adding source folder /Server/src/test/java
2015-11-15 14:54:02,065 [Worker-13] INFO  o.e.m.c.i.p.ProjectConfigurationManager - Imported and configured 2 project(s) in 3 sec
2015-11-15 14:54:05,424 [Worker-6] INFO  o.e.m.c.i.embedder.EclipseLogger - Using 'UTF-8' encoding to copy filtered resources.
2015-11-15 14:54:05,425 [Worker-6] INFO  o.e.m.c.i.embedder.EclipseLogger - skip non existing resourceDirectory C:\Users\TOSHIBA\Desktop\LQS\Client\src\main\resources
2015-11-15 14:54:05,427 [Worker-6] INFO  o.e.m.c.i.embedder.EclipseLogger - Using 'UTF-8' encoding to copy filtered resources.
2015-11-15 14:54:05,428 [Worker-6] INFO  o.e.m.c.i.embedder.EclipseLogger - skip non existing resourceDirectory C:\Users\TOSHIBA\Desktop\LQS\Client\src\test\resources
2015-11-15 14:54:05,968 [Worker-6] INFO  o.e.m.c.i.embedder.EclipseLogger - Using 'UTF-8' encoding to copy filtered resources.
2015-11-15 14:54:05,968 [Worker-6] INFO  o.e.m.c.i.embedder.EclipseLogger - skip non existing resourceDirectory C:\Users\TOSHIBA\Desktop\LQS\Server\src\main\resources
2015-11-15 14:54:05,969 [Worker-6] INFO  o.e.m.c.i.embedder.EclipseLogger - Using 'UTF-8' encoding to copy filtered resources.
2015-11-15 14:54:05,970 [Worker-6] INFO  o.e.m.c.i.embedder.EclipseLogger - skip non existing resourceDirectory C:\Users\TOSHIBA\Desktop\LQS\Server\src\test\resources
2015-11-19 20:08:04,800 [Worker-3] INFO  o.e.m.c.i.embedder.EclipseLogger - Using 'UTF-8' encoding to copy filtered resources.
2015-11-19 20:08:04,805 [Worker-3] INFO  o.e.m.c.i.embedder.EclipseLogger - skip non existing resourceDirectory /Users/admin/Documents/LQS/Client/src/main/resources
2015-11-19 20:08:04,809 [Worker-3] INFO  o.e.m.c.i.embedder.EclipseLogger - Using 'UTF-8' encoding to copy filtered resources.
2015-11-19 20:08:04,810 [Worker-3] INFO  o.e.m.c.i.embedder.EclipseLogger - skip non existing resourceDirectory /Users/admin/Documents/LQS/Client/src/test/resources
2015-11-19 20:08:06,242 [Worker-6] INFO  o.e.m.c.i.l.LifecycleMappingFactory - Using org.eclipse.m2e.jdt.JarLifecycleMapping lifecycle mapping for MavenProject: LQS:Client:0.0.1-SNAPSHOT @ /Users/admin/Documents/LQS/Client/pom.xml.
2015-11-19 20:08:06,378 [Worker-6] INFO  o.e.m.c.i.embedder.EclipseLogger - Using 'UTF-8' encoding to copy filtered resources.
2015-11-19 20:08:06,378 [Worker-6] INFO  o.e.m.c.i.embedder.EclipseLogger - skip non existing resourceDirectory /Users/admin/Documents/LQS/Client/src/main/resources
2015-11-19 20:08:06,383 [Worker-6] INFO  o.e.m.c.i.embedder.EclipseLogger - Using 'UTF-8' encoding to copy filtered resources.
2015-11-19 20:08:06,428 [Worker-6] INFO  o.e.m.c.i.embedder.EclipseLogger - skip non existing resourceDirectory /Users/admin/Documents/LQS/Client/src/test/resources
2015-11-19 20:08:08,738 [Worker-1] INFO  o.e.m.c.i.l.LifecycleMappingFactory - Using org.eclipse.m2e.jdt.JarLifecycleMapping lifecycle mapping for MavenProject: LQS:Client:0.0.1-SNAPSHOT @ /Users/admin/Documents/LQS/Client/pom.xml.
2015-11-19 20:08:08,912 [Worker-1] INFO  o.e.m.c.i.embedder.EclipseLogger - Using 'UTF-8' encoding to copy filtered resources.
2015-11-19 20:08:08,912 [Worker-1] INFO  o.e.m.c.i.embedder.EclipseLogger - skip non existing resourceDirectory /Users/admin/Documents/LQS/Client/src/main/resources
2015-11-19 20:08:08,915 [Worker-1] INFO  o.e.m.c.i.embedder.EclipseLogger - Using 'UTF-8' encoding to copy filtered resources.
2015-11-19 20:08:08,915 [Worker-1] INFO  o.e.m.c.i.embedder.EclipseLogger - skip non existing resourceDirectory /Users/admin/Documents/LQS/Client/src/test/resources
2015-11-19 20:08:09,123 [Worker-2] INFO  o.e.m.c.i.embedder.EclipseLogger - Using 'UTF-8' encoding to copy filtered resources.
2015-11-19 20:08:09,123 [Worker-2] INFO  o.e.m.c.i.embedder.EclipseLogger - skip non existing resourceDirectory /Users/admin/Documents/LQS/Client/src/main/resources
2015-11-19 20:08:09,125 [Worker-2] INFO  o.e.m.c.i.embedder.EclipseLogger - Using 'UTF-8' encoding to copy filtered resources.
2015-11-19 20:08:09,125 [Worker-2] INFO  o.e.m.c.i.embedder.EclipseLogger - skip non existing resourceDirectory /Users/admin/Documents/LQS/Client/src/test/resources
2015-11-19 20:08:09,151 [Worker-2] INFO  o.e.m.c.i.embedder.EclipseLogger - Using 'UTF-8' encoding to copy filtered resources.
2015-11-19 20:08:09,152 [Worker-2] INFO  o.e.m.c.i.embedder.EclipseLogger - skip non existing resourceDirectory /Users/admin/Documents/LQS/Server/src/main/resources
2015-11-19 20:08:09,154 [Worker-2] INFO  o.e.m.c.i.embedder.EclipseLogger - Using 'UTF-8' encoding to copy filtered resources.
2015-11-19 20:08:09,154 [Worker-2] INFO  o.e.m.c.i.embedder.EclipseLogger - skip non existing resourceDirectory /Users/admin/Documents/LQS/Server/src/test/resources
2015-11-19 20:08:10,228 [Worker-4] INFO  o.e.m.c.i.embedder.EclipseLogger - Using 'UTF-8' encoding to copy filtered resources.
2015-11-19 20:08:10,228 [Worker-4] INFO  o.e.m.c.i.embedder.EclipseLogger - skip non existing resourceDirectory /Users/admin/Documents/LQS/Client/src/main/resources
2015-11-19 20:08:10,230 [Worker-4] INFO  o.e.m.c.i.embedder.EclipseLogger - Using 'UTF-8' encoding to copy filtered resources.
2015-11-19 20:08:10,230 [Worker-4] INFO  o.e.m.c.i.embedder.EclipseLogger - skip non existing resourceDirectory /Users/admin/Documents/LQS/Client/src/test/resources
2015-11-19 20:08:10,763 [Worker-4] INFO  o.e.m.c.i.l.LifecycleMappingFactory - Using org.eclipse.m2e.jdt.JarLifecycleMapping lifecycle mapping for MavenProject: LQS:Server:0.0.1-SNAPSHOT @ /Users/admin/Documents/LQS/Server/pom.xml.
2015-11-19 20:08:10,811 [Worker-4] INFO  o.e.m.c.i.embedder.EclipseLogger - Using 'UTF-8' encoding to copy filtered resources.
2015-11-19 20:08:10,811 [Worker-4] INFO  o.e.m.c.i.embedder.EclipseLogger - skip non existing resourceDirectory /Users/admin/Documents/LQS/Server/src/main/resources
2015-11-19 20:08:10,812 [Worker-4] INFO  o.e.m.c.i.embedder.EclipseLogger - Using 'UTF-8' encoding to copy filtered resources.
2015-11-19 20:08:10,813 [Worker-4] INFO  o.e.m.c.i.embedder.EclipseLogger - skip non existing resourceDirectory /Users/admin/Documents/LQS/Server/src/test/resources
2015-11-19 20:08:12,528 [Worker-1] INFO  o.e.m.c.i.embedder.EclipseLogger - Using 'UTF-8' encoding to copy filtered resources.
2015-11-19 20:08:12,528 [Worker-1] INFO  o.e.m.c.i.embedder.EclipseLogger - skip non existing resourceDirectory /Users/admin/Documents/LQS/Client/src/main/resources
2015-11-19 20:08:12,530 [Worker-1] INFO  o.e.m.c.i.embedder.EclipseLogger - Using 'UTF-8' encoding to copy filtered resources.
2015-11-19 20:08:12,530 [Worker-1] INFO  o.e.m.c.i.embedder.EclipseLogger - skip non existing resourceDirectory /Users/admin/Documents/LQS/Client/src/test/resources
2015-11-19 20:08:13,736 [Worker-0] INFO  o.e.m.c.i.embedder.EclipseLogger - Using 'UTF-8' encoding to copy filtered resources.
2015-11-19 20:08:13,737 [Worker-0] INFO  o.e.m.c.i.embedder.EclipseLogger - skip non existing resourceDirectory /Users/admin/Documents/LQS/Client/src/main/resources
2015-11-19 20:08:13,738 [Worker-0] INFO  o.e.m.c.i.embedder.EclipseLogger - Using 'UTF-8' encoding to copy filtered resources.
2015-11-19 20:08:13,739 [Worker-0] INFO  o.e.m.c.i.embedder.EclipseLogger - skip non existing resourceDirectory /Users/admin/Documents/LQS/Client/src/test/resources
2015-11-19 20:08:13,860 [Worker-0] INFO  o.e.m.c.i.l.LifecycleMappingFactory - Using org.eclipse.m2e.jdt.JarLifecycleMapping lifecycle mapping for MavenProject: LQS:Server:0.0.1-SNAPSHOT @ /Users/admin/Documents/LQS/Server/pom.xml.
2015-11-19 20:08:13,915 [Worker-0] INFO  o.e.m.c.i.embedder.EclipseLogger - Using 'UTF-8' encoding to copy filtered resources.
2015-11-19 20:08:13,916 [Worker-0] INFO  o.e.m.c.i.embedder.EclipseLogger - skip non existing resourceDirectory /Users/admin/Documents/LQS/Server/src/main/resources
2015-11-19 20:08:13,919 [Worker-0] INFO  o.e.m.c.i.embedder.EclipseLogger - Using 'UTF-8' encoding to copy filtered resources.
2015-11-19 20:08:13,919 [Worker-0] INFO  o.e.m.c.i.embedder.EclipseLogger - skip non existing resourceDirectory /Users/admin/Documents/LQS/Server/src/test/resources
2015-11-19 20:08:15,675 [Worker-7] INFO  o.e.m.c.i.embedder.EclipseLogger - Using 'UTF-8' encoding to copy filtered resources.
2015-11-19 20:08:15,675 [Worker-7] INFO  o.e.m.c.i.embedder.EclipseLogger - skip non existing resourceDirectory /Users/admin/Documents/LQS/Client/src/main/resources
2015-11-19 20:08:15,677 [Worker-7] INFO  o.e.m.c.i.embedder.EclipseLogger - Using 'UTF-8' encoding to copy filtered resources.
2015-11-19 20:08:15,677 [Worker-7] INFO  o.e.m.c.i.embedder.EclipseLogger - skip non existing resourceDirectory /Users/admin/Documents/LQS/Client/src/test/resources
2015-11-19 20:08:39,911 [Worker-1] INFO  o.e.m.c.i.embedder.EclipseLogger - Using 'UTF-8' encoding to copy filtered resources.
2015-11-19 20:08:39,911 [Worker-1] INFO  o.e.m.c.i.embedder.EclipseLogger - skip non existing resourceDirectory /Users/admin/Documents/LQS/Client/src/main/resources
2015-11-19 20:08:39,913 [Worker-1] INFO  o.e.m.c.i.embedder.EclipseLogger - Using 'UTF-8' encoding to copy filtered resources.
2015-11-19 20:08:39,913 [Worker-1] INFO  o.e.m.c.i.embedder.EclipseLogger - skip non existing resourceDirectory /Users/admin/Documents/LQS/Client/src/test/resources
2015-11-19 20:08:39,931 [Worker-1] INFO  o.e.m.c.i.embedder.EclipseLogger - Using 'UTF-8' encoding to copy filtered resources.
2015-11-19 20:08:39,933 [Worker-1] INFO  o.e.m.c.i.embedder.EclipseLogger - skip non existing resourceDirectory /Users/admin/Documents/LQS/Server/src/main/resources
2015-11-19 20:08:39,935 [Worker-1] INFO  o.e.m.c.i.embedder.EclipseLogger - Using 'UTF-8' encoding to copy filtered resources.
2015-11-19 20:08:39,936 [Worker-1] INFO  o.e.m.c.i.embedder.EclipseLogger - skip non existing resourceDirectory /Users/admin/Documents/LQS/Server/src/test/resources
2015-11-19 20:08:54,134 [Worker-8] INFO  o.e.m.c.i.embedder.EclipseLogger - Using 'UTF-8' encoding to copy filtered resources.
2015-11-19 20:08:54,135 [Worker-8] INFO  o.e.m.c.i.embedder.EclipseLogger - skip non existing resourceDirectory /Users/admin/Documents/LQS/Server/src/main/resources
2015-11-19 20:08:54,136 [Worker-8] INFO  o.e.m.c.i.embedder.EclipseLogger - Using 'UTF-8' encoding to copy filtered resources.
2015-11-19 20:08:54,136 [Worker-8] INFO  o.e.m.c.i.embedder.EclipseLogger - skip non existing resourceDirectory /Users/admin/Documents/LQS/Server/src/test/resources
